<?xml version="1.0" encoding="UTF-8"?>
<testsuite xmlns:xsi="http://www.w3.org/2001/XMLSchema-instance" xsi:noNamespaceSchemaLocation="https://maven.apache.org/surefire/maven-surefire-plugin/xsd/surefire-test-report-3.0.xsd" version="3.0" name="aed.DebuggingTests" time="0.028" tests="5" errors="0" skipped="0" failures="0">
  <properties>
[...]
</properties>
  <testcase name="testTodosPositivos" classname="aed.DebuggingTests" time="0.004"/>
  <testcase name="testXOR" classname="aed.DebuggingTests" time="0.009"/>
  <testcase name="testIguales" classname="aed.DebuggingTests" time="0.002"/>
  <testcase name="testMaximo" classname="aed.DebuggingTests" time="0.002"/>
  <testcase name="testOrdenado" classname="aed.DebuggingTests" time="0"/>
</testsuite>