<?xml version="1.0" encoding="UTF-8" standalone="yes"?><!DOCTYPE report PUBLIC "-//JACOCO//DTD Report 1.1//EN" "report.dtd"><report name="labo1"><sessioninfo id="AaronPC-d8b9c518" start="1711476757581" dump="1711476759910"/><sessioninfo id="DESKTOP-6ID3U6Q-3a4833c8" start="1711488528892" dump="1711488529871"/><sessioninfo id="DESKTOP-6ID3U6Q-319eb9c1" start="1711488754816" dump="1711488755827"/><sessioninfo id="DESKTOP-6ID3U6Q-e966b4b9" start="1711488823319" dump="1711488824351"/><sessioninfo id="DESKTOP-6ID3U6Q-d3d69664" start="1711488839202" dump="1711488840255"/></report>